{"/home/laboratoria/Documentos/Sprint4/bl-validcard/index.js":{"path":"/home/laboratoria/Documentos/Sprint4/bl-validcard/index.js","s":{"1":1,"2":0,"3":0,"4":0,"5":0,"6":0,"7":0,"8":0,"9":0,"10":1,"11":0,"12":0,"13":0,"14":0,"15":1,"16":0,"17":0,"18":0,"19":1,"20":0,"21":1},"b":{"1":[0,0],"2":[0,0],"3":[0,0],"4":[0,0],"5":[0,0],"6":[0,0]},"f":{"1":0},"fnMap":{"1":{"name":"cardValidator","line":1,"loc":{"start":{"line":1,"column":0},"end":{"line":1,"column":35}}}},"statementMap":{"1":{"start":{"line":1,"column":0},"end":{"line":12,"column":1}},"2":{"start":{"line":2,"column":2},"end":{"line":11,"column":3}},"3":{"start":{"line":3,"column":4},"end":{"line":3,"column":48}},"4":{"start":{"line":4,"column":9},"end":{"line":11,"column":3}},"5":{"start":{"line":5,"column":4},"end":{"line":5,"column":36}},"6":{"start":{"line":6,"column":9},"end":{"line":11,"column":3}},"7":{"start":{"line":7,"column":4},"end":{"line":7,"column":49}},"8":{"start":{"line":9,"column":4},"end":{"line":9,"column":66}},"9":{"start":{"line":10,"column":4},"end":{"line":10,"column":38}},"10":{"start":{"line":14,"column":0},"end":{"line":21,"column":1}},"11":{"start":{"line":15,"column":2},"end":{"line":18,"column":4}},"12":{"start":{"line":16,"column":4},"end":{"line":16,"column":27}},"13":{"start":{"line":17,"column":4},"end":{"line":17,"column":77}},"14":{"start":{"line":20,"column":2},"end":{"line":20,"column":28}},"15":{"start":{"line":23,"column":0},"end":{"line":26,"column":1}},"16":{"start":{"line":24,"column":2},"end":{"line":24,"column":55}},"17":{"start":{"line":24,"column":42},"end":{"line":24,"column":54}},"18":{"start":{"line":25,"column":2},"end":{"line":25,"column":25}},"19":{"start":{"line":28,"column":0},"end":{"line":30,"column":1}},"20":{"start":{"line":29,"column":2},"end":{"line":29,"column":22}},"21":{"start":{"line":32,"column":0},"end":{"line":32,"column":45}}},"branchMap":{"1":{"line":2,"type":"if","locations":[{"start":{"line":2,"column":2},"end":{"line":2,"column":2}},{"start":{"line":2,"column":2},"end":{"line":2,"column":2}}]},"2":{"line":2,"type":"binary-expr","locations":[{"start":{"line":2,"column":6},"end":{"line":2,"column":22}},{"start":{"line":2,"column":26},"end":{"line":2,"column":37}}]},"3":{"line":4,"type":"if","locations":[{"start":{"line":4,"column":9},"end":{"line":4,"column":9}},{"start":{"line":4,"column":9},"end":{"line":4,"column":9}}]},"4":{"line":6,"type":"if","locations":[{"start":{"line":6,"column":9},"end":{"line":6,"column":9}},{"start":{"line":6,"column":9},"end":{"line":6,"column":9}}]},"5":{"line":17,"type":"cond-expr","locations":[{"start":{"line":17,"column":28},"end":{"line":17,"column":33}},{"start":{"line":17,"column":36},"end":{"line":17,"column":77}}]},"6":{"line":17,"type":"cond-expr","locations":[{"start":{"line":17,"column":52},"end":{"line":17,"column":65}},{"start":{"line":17,"column":68},"end":{"line":17,"column":77}}]}}}}